Build started 11/6/2014 1:32:03 AM.
     1>Project "C:\Users\dan\Documents\Visual Studio 2010\Projects\JKDemoMetadata\DemoBot\DemoBot.vcxproj" on node 2 (build target(s)).
     1>InitializeBuildStatus:
         Touching "Debug\DemoBot.unsuccessfulbuild".
       ClCompile:
         C:\Program Files (x86)\Microsoft Visual Studio 10.0\VC\bin\CL.exe /c /I"C:\Users\dan\Documents\Visual Studio 2010\Projects\JKDemoMetadata\JKDemoMetadata" /I"E:\Users\dan\Downloads\PortableGit-1.7.6-preview20110709\openjk\OpenJK\codemp" /ZI /nologo /W3 /WX- /Od /Oy- /D _MBCS /Gm /EHsc /RTC1 /MDd /GS /fp:precise /Zc:wchar_t /Zc:forScope /Fo"Debug\\" /Fd"Debug\vc100.pdb" /Gd /TP /analyze- /errorReport:prompt ..\JKDemoMetadata\deps.cpp ..\JKDemoMetadata\utils.cpp "E:\Users\dan\Downloads\PortableGit-1.7.6-preview20110709\openjk\OpenJK\codemp\qcommon\huffman.cpp" "E:\Users\dan\Downloads\PortableGit-1.7.6-preview20110709\openjk\OpenJK\codemp\qcommon\msg.cpp" "E:\Users\dan\Downloads\PortableGit-1.7.6-preview20110709\openjk\OpenJK\codemp\qcommon\q_math.cpp" "E:\Users\dan\Downloads\PortableGit-1.7.6-preview20110709\openjk\OpenJK\codemp\qcommon\q_shared.cpp" demobot.cpp moredeps.cpp
         moredeps.cpp
         demobot.cpp
     1>c:\users\dan\documents\visual studio 2010\projects\jkdemometadata\demobot\demobot.cpp(297): error C2065: 'filename' : undeclared identifier
     1>c:\users\dan\documents\visual studio 2010\projects\jkdemometadata\demobot\demobot.cpp(299): error C2065: 'filename' : undeclared identifier
     1>c:\users\dan\documents\visual studio 2010\projects\jkdemometadata\demobot\demobot.cpp(352): error C2065: 'endTime' : undeclared identifier
     1>c:\users\dan\documents\visual studio 2010\projects\jkdemometadata\demobot\demobot.cpp(365): error C2065: 'startTime' : undeclared identifier
         q_shared.cpp
         q_math.cpp
         msg.cpp
         huffman.cpp
         utils.cpp
         deps.cpp
         Generating Code...
     1>Done Building Project "C:\Users\dan\Documents\Visual Studio 2010\Projects\JKDemoMetadata\DemoBot\DemoBot.vcxproj" (build target(s)) -- FAILED.

Build FAILED.

Time Elapsed 00:00:04.35
